<?xml version="1.0" encoding="UTF-8"?>
<testng-results ignored="0" total="1" passed="1" failed="0" skipped="0">
  <reporter-output>
  </reporter-output>
  <suite started-at="2021-09-01T21:10:40Z" name="DesktopBrowsers" finished-at="2021-09-01T21:11:21Z" duration-ms="41614">
    <groups>
    </groups>
    <test started-at="2021-09-01T21:10:40Z" name="Win10" finished-at="2021-09-01T21:11:21Z" duration-ms="41614">
      <class name="demoDesktop">
        <test-method is-config="true" signature="setUp(java.lang.String, java.lang.String, java.lang.String)[pri:0, instance:demoDesktop@163e4e87]" started-at="2021-09-01T21:10:40Z" name="setUp" finished-at="2021-09-01T21:10:48Z" duration-ms="8710" status="PASS">
          <params>
            <param index="0">
              <value>
                <![CDATA[IE]]>
              </value>
            </param>
            <param index="1">
              <value>
                <![CDATA[latest]]>
              </value>
            </param>
            <param index="2">
              <value>
                <![CDATA[Win10]]>
              </value>
            </param>
          </params>
          <reporter-output>
          </reporter-output>
        </test-method> <!-- setUp -->
        <test-method signature="DesktopScript()[pri:0, instance:demoDesktop@163e4e87]" started-at="2021-09-01T21:10:48Z" name="DesktopScript" finished-at="2021-09-01T21:11:21Z" duration-ms="32538" status="PASS">
          <reporter-output>
          </reporter-output>
        </test-method> <!-- DesktopScript -->
        <test-method is-config="true" signature="tearDown()[pri:0, instance:demoDesktop@163e4e87]" started-at="2021-09-01T21:11:21Z" name="tearDown" finished-at="2021-09-01T21:11:21Z" duration-ms="352" status="PASS">
          <reporter-output>
          </reporter-output>
        </test-method> <!-- tearDown -->
      </class> <!-- demoDesktop -->
    </test> <!-- Win10 -->
  </suite> <!-- DesktopBrowsers -->
</testng-results>
